warning: `C:\Users\nalum\nih-plug-projects\dtcwpt_morph\.cargo\config` is deprecated in favor of `config.toml`
  |
  = help: if you need to support cargo 1.38 or earlier, you can symlink `config` to `config.toml`
    Checking dtcwpt_morph v0.1.0 (C:\Users\nalum\nih-plug-projects\dtcwpt_morph)
error: cannot find derive macro `Params` in this scope
  --> src\lib.rs:28:10
   |
28 | #[derive(Params)]
   |          ^^^^^^
   |
help: consider importing this derive macro
   |
 1 + use nih_plug::params::Params;
   |

error: cannot find attribute `id` in this scope
  --> src\lib.rs:30:7
   |
30 |     #[id = "mag"]
   |       ^^
   |
   = note: `id` is an attribute that can be used by the derive macros `Enum` and `Params`, you might be missing a `derive` attribute

error: cannot find attribute `id` in this scope
  --> src\lib.rs:33:7
   |
33 |     #[id = "phase"]
   |       ^^
   |
   = note: `id` is an attribute that can be used by the derive macros `Enum` and `Params`, you might be missing a `derive` attribute

error: cannot find attribute `id` in this scope
  --> src\lib.rs:36:7
   |
36 |     #[id = "threshold"]
   |       ^^
   |
   = note: `id` is an attribute that can be used by the derive macros `Enum` and `Params`, you might be missing a `derive` attribute

error: cannot find attribute `id` in this scope
  --> src\lib.rs:39:7
   |
39 |     #[id = "bypass_low"]
   |       ^^
   |
   = note: `id` is an attribute that can be used by the derive macros `Enum` and `Params`, you might be missing a `derive` attribute

error: cannot find attribute `id` in this scope
  --> src\lib.rs:42:7
   |
42 |     #[id = "bypass_high"]
   |       ^^
   |
   = note: `id` is an attribute that can be used by the derive macros `Enum` and `Params`, you might be missing a `derive` attribute

error: cannot find macro `nih_export_clap` in this scope
   --> src\lib.rs:331:1
    |
331 | nih_export_clap!(DtcwptMorph);
    | ^^^^^^^^^^^^^^^
    |
help: consider importing this macro
    |
  1 + use nih_plug::nih_export_clap;
    |

error: cannot find macro `nih_export_vst3` in this scope
   --> src\lib.rs:332:1
    |
332 | nih_export_vst3!(DtcwptMorph);
    | ^^^^^^^^^^^^^^^
    |
help: consider importing this macro
    |
  1 + use nih_plug::nih_export_vst3;
    |

error[E0412]: cannot find type `FloatParam` in this scope
  --> src\lib.rs:31:14
   |
31 |     pub mag: FloatParam,
   |              ^^^^^^^^^^ not found in this scope
   |
help: consider importing this struct
   |
 1 + use nih_plug::params::FloatParam;
   |

error[E0412]: cannot find type `FloatParam` in this scope
  --> src\lib.rs:34:16
   |
34 |     pub phase: FloatParam,
   |                ^^^^^^^^^^ not found in this scope
   |
help: consider importing this struct
   |
 1 + use nih_plug::params::FloatParam;
   |

error[E0412]: cannot find type `FloatParam` in this scope
  --> src\lib.rs:37:20
   |
37 |     pub threshold: FloatParam,
   |                    ^^^^^^^^^^ not found in this scope
   |
help: consider importing this struct
   |
 1 + use nih_plug::params::FloatParam;
   |

error[E0412]: cannot find type `BoolParam` in this scope
  --> src\lib.rs:40:21
   |
40 |     pub bypass_low: BoolParam,
   |                     ^^^^^^^^^ not found in this scope
   |
help: consider importing this struct
   |
 1 + use nih_plug::params::BoolParam;
   |

error[E0412]: cannot find type `BoolParam` in this scope
  --> src\lib.rs:43:22
   |
43 |     pub bypass_high: BoolParam,
   |                      ^^^^^^^^^ not found in this scope
   |
help: consider importing this struct
   |
 1 + use nih_plug::params::BoolParam;
   |

error[E0433]: failed to resolve: use of undeclared type `FloatParam`
  --> src\lib.rs:49:18
   |
49 |             mag: FloatParam::new(
   |                  ^^^^^^^^^^ use of undeclared type `FloatParam`
   |
help: consider importing this struct
   |
 1 + use nih_plug::params::FloatParam;
   |

error[E0433]: failed to resolve: use of undeclared type `FloatRange`
  --> src\lib.rs:52:17
   |
52 |                 FloatRange::Linear {
   |                 ^^^^^^^^^^ use of undeclared type `FloatRange`
   |
help: consider importing this enum
   |
 1 + use nih_plug::params::range::FloatRange;
   |

error[E0433]: failed to resolve: use of undeclared type `FloatParam`
  --> src\lib.rs:57:20
   |
57 |             phase: FloatParam::new(
   |                    ^^^^^^^^^^ use of undeclared type `FloatParam`
   |
help: consider importing this struct
   |
 1 + use nih_plug::params::FloatParam;
   |

error[E0433]: failed to resolve: use of undeclared type `FloatRange`
  --> src\lib.rs:60:17
   |
60 |                 FloatRange::Linear {
   |                 ^^^^^^^^^^ use of undeclared type `FloatRange`
   |
help: consider importing this enum
   |
 1 + use nih_plug::params::range::FloatRange;
   |

error[E0433]: failed to resolve: use of undeclared type `FloatParam`
  --> src\lib.rs:65:24
   |
65 |             threshold: FloatParam::new(
   |                        ^^^^^^^^^^ use of undeclared type `FloatParam`
   |
help: consider importing this struct
   |
 1 + use nih_plug::params::FloatParam;
   |

error[E0433]: failed to resolve: use of undeclared type `FloatRange`
  --> src\lib.rs:68:17
   |
68 |                 FloatRange::Linear {
   |                 ^^^^^^^^^^ use of undeclared type `FloatRange`
   |
help: consider importing this enum
   |
 1 + use nih_plug::params::range::FloatRange;
   |

error[E0433]: failed to resolve: use of undeclared type `BoolParam`
  --> src\lib.rs:73:25
   |
73 |             bypass_low: BoolParam::new("Bypass Low", true),
   |                         ^^^^^^^^^ use of undeclared type `BoolParam`
   |
help: consider importing this struct
   |
 1 + use nih_plug::params::BoolParam;
   |

error[E0433]: failed to resolve: use of undeclared type `BoolParam`
  --> src\lib.rs:74:26
   |
74 |             bypass_high: BoolParam::new("Bypass High", false),
   |                          ^^^^^^^^^ use of undeclared type `BoolParam`
   |
help: consider importing this struct
   |
 1 + use nih_plug::params::BoolParam;
   |

error[E0405]: cannot find trait `Plugin` in this scope
   --> src\lib.rs:130:6
    |
130 | impl Plugin for DtcwptMorph {
    |      ^^^^^^ not found in this scope
    |
help: consider importing this trait
    |
  1 + use nih_plug::plugin::Plugin;
    |

error[E0412]: cannot find type `AudioIOLayout` in this scope
   --> src\lib.rs:138:39
    |
138 |     const AUDIO_IO_LAYOUTS: &'static [AudioIOLayout] = &[
    |                                       ^^^^^^^^^^^^^ not found in this scope
    |
help: consider importing this struct
    |
  1 + use nih_plug::audio_setup::AudioIOLayout;
    |

error[E0422]: cannot find struct, variant or union type `AudioIOLayout` in this scope
   --> src\lib.rs:139:9
    |
139 |         AudioIOLayout {
    |         ^^^^^^^^^^^^^ not found in this scope
    |
help: consider importing this struct
    |
  1 + use nih_plug::audio_setup::AudioIOLayout;
    |

error[E0433]: failed to resolve: use of undeclared type `NonZeroU32`
   --> src\lib.rs:140:34
    |
140 |             main_input_channels: NonZeroU32::new(2),
    |                                  ^^^^^^^^^^ use of undeclared type `NonZeroU32`
    |
help: consider importing one of these type aliases
    |
  1 + use std::num::NonZeroU32;
    |
  1 + use nih_plug::prelude::NonZeroU32;
    |

error[E0433]: failed to resolve: use of undeclared type `NonZeroU32`
   --> src\lib.rs:141:35
    |
141 |             main_output_channels: NonZeroU32::new(2),
    |                                   ^^^^^^^^^^ use of undeclared type `NonZeroU32`
    |
help: consider importing one of these type aliases
    |
  1 + use std::num::NonZeroU32;
    |
  1 + use nih_plug::prelude::NonZeroU32;
    |

error[E0433]: failed to resolve: use of undeclared type `NonZeroU32`
   --> src\lib.rs:142:32
    |
142 |             aux_input_ports: &[NonZeroU32::new(2).unwrap()],
    |                                ^^^^^^^^^^ use of undeclared type `NonZeroU32`
    |
help: consider importing one of these type aliases
    |
  1 + use std::num::NonZeroU32;
    |
  1 + use nih_plug::prelude::NonZeroU32;
    |

error[E0433]: failed to resolve: use of undeclared type `AudioIOLayout`
   --> src\lib.rs:143:15
    |
143 |             ..AudioIOLayout::const_default()
    |               ^^^^^^^^^^^^^ use of undeclared type `AudioIOLayout`
    |
help: consider importing this struct
    |
  1 + use nih_plug::audio_setup::AudioIOLayout;
    |

error[E0405]: cannot find trait `Params` in this scope
   --> src\lib.rs:150:33
    |
150 |     fn params(&self) -> Arc<dyn Params> {
    |                                 ^^^^^^ not found in this scope
    |
help: consider importing this trait
    |
  1 + use nih_plug::params::Params;
    |

error[E0412]: cannot find type `AsyncExecutor` in this scope
   --> src\lib.rs:154:43
    |
154 |     fn editor(&mut self, _async_executor: AsyncExecutor<Self>) -> Option<Box<dyn Editor>> {
    |                                           ^^^^^^^^^^^^^ not found in this scope
    |
help: consider importing this struct
    |
  1 + use nih_plug::context::gui::AsyncExecutor;
    |

error[E0405]: cannot find trait `Editor` in this scope
   --> src\lib.rs:154:82
    |
154 |     fn editor(&mut self, _async_executor: AsyncExecutor<Self>) -> Option<Box<dyn Editor>> {
    |                                                                                  ^^^^^^ not found in this scope
    |
help: consider importing this trait
    |
  1 + use nih_plug::editor::Editor;
    |

error[E0412]: cannot find type `AudioIOLayout` in this scope
   --> src\lib.rs:164:28
    |
164 |         _audio_io_layout: &AudioIOLayout,
    |                            ^^^^^^^^^^^^^ not found in this scope
    |
help: consider importing this struct
    |
  1 + use nih_plug::audio_setup::AudioIOLayout;
    |

error[E0412]: cannot find type `BufferConfig` in this scope
   --> src\lib.rs:165:25
    |
165 |         buffer_config: &BufferConfig,
    |                         ^^^^^^^^^^^^ not found in this scope
    |
help: consider importing this struct
    |
  1 + use nih_plug::audio_setup::BufferConfig;
    |

error[E0405]: cannot find trait `InitContext` in this scope
   --> src\lib.rs:166:28
    |
166 |         context: &mut impl InitContext<Self>,
    |                            ^^^^^^^^^^^ not found in this scope
    |
help: consider importing this trait
    |
  1 + use nih_plug::context::init::InitContext;
    |

error[E0412]: cannot find type `Buffer` in this scope
   --> src\lib.rs:207:22
    |
207 |         buffer: &mut Buffer,
    |                      ^^^^^^ not found in this scope
    |
help: consider importing this struct
    |
  1 + use nih_plug::buffer::Buffer;
    |

error[E0412]: cannot find type `AuxiliaryBuffers` in this scope
   --> src\lib.rs:208:19
    |
208 |         aux: &mut AuxiliaryBuffers,
    |                   ^^^^^^^^^^^^^^^^ not found in this scope
    |
help: consider importing this struct
    |
  1 + use nih_plug::audio_setup::AuxiliaryBuffers;
    |

error[E0405]: cannot find trait `ProcessContext` in this scope
   --> src\lib.rs:209:28
    |
209 |         context: &mut impl ProcessContext<Self>,
    |                            ^^^^^^^^^^^^^^ not found in this scope
    |
help: consider importing this trait
    |
  1 + use nih_plug::context::process::ProcessContext;
    |

error[E0412]: cannot find type `ProcessStatus` in this scope
   --> src\lib.rs:210:10
    |
210 |     ) -> ProcessStatus {
    |          ^^^^^^^^^^^^^ not found in this scope
    |
help: consider importing this enum
    |
  1 + use nih_plug::plugin::ProcessStatus;
    |

error[E0433]: failed to resolve: use of undeclared type `ProcessStatus`
   --> src\lib.rs:235:20
    |
235 |             return ProcessStatus::Normal;
    |                    ^^^^^^^^^^^^^ use of undeclared type `ProcessStatus`
    |
help: consider importing this enum
    |
  1 + use nih_plug::plugin::ProcessStatus;
    |

error[E0433]: failed to resolve: use of undeclared type `ProcessStatus`
   --> src\lib.rs:307:9
    |
307 |         ProcessStatus::Normal
    |         ^^^^^^^^^^^^^ use of undeclared type `ProcessStatus`
    |
help: consider importing this enum
    |
  1 + use nih_plug::plugin::ProcessStatus;
    |

error[E0405]: cannot find trait `ClapPlugin` in this scope
   --> src\lib.rs:311:6
    |
311 | impl ClapPlugin for DtcwptMorph {
    |      ^^^^^^^^^^ not found in this scope
    |
help: consider importing this trait
    |
  1 + use nih_plug::plugin::clap::ClapPlugin;
    |

error[E0412]: cannot find type `ClapFeature` in this scope
   --> src\lib.rs:316:36
    |
316 |     const CLAP_FEATURES: &'static [ClapFeature] = &[
    |                                    ^^^^^^^^^^^ not found in this scope
    |
help: consider importing this enum
    |
  1 + use nih_plug::wrapper::clap::features::ClapFeature;
    |

error[E0433]: failed to resolve: use of undeclared type `ClapFeature`
   --> src\lib.rs:317:9
    |
317 |         ClapFeature::AudioEffect,
    |         ^^^^^^^^^^^ use of undeclared type `ClapFeature`
    |
help: consider importing this enum
    |
  1 + use nih_plug::wrapper::clap::features::ClapFeature;
    |

error[E0433]: failed to resolve: use of undeclared type `ClapFeature`
   --> src\lib.rs:318:9
    |
318 |         ClapFeature::Stereo,
    |         ^^^^^^^^^^^ use of undeclared type `ClapFeature`
    |
help: consider importing this enum
    |
  1 + use nih_plug::wrapper::clap::features::ClapFeature;
    |

error[E0433]: failed to resolve: use of undeclared type `ClapFeature`
   --> src\lib.rs:319:9
    |
319 |         ClapFeature::Utility,
    |         ^^^^^^^^^^^ use of undeclared type `ClapFeature`
    |
help: consider importing this enum
    |
  1 + use nih_plug::wrapper::clap::features::ClapFeature;
    |

error[E0405]: cannot find trait `Vst3Plugin` in this scope
   --> src\lib.rs:323:6
    |
323 | impl Vst3Plugin for DtcwptMorph {
    |      ^^^^^^^^^^ not found in this scope
    |
help: consider importing this trait
    |
  1 + use nih_plug::plugin::vst3::Vst3Plugin;
    |

error[E0412]: cannot find type `Vst3SubCategory` in this scope
   --> src\lib.rs:325:41
    |
325 |     const VST3_SUBCATEGORIES: &'static [Vst3SubCategory] = &[
    |                                         ^^^^^^^^^^^^^^^ not found in this scope
    |
help: consider importing this enum
    |
  1 + use nih_plug::wrapper::vst3::subcategories::Vst3SubCategory;
    |

error[E0433]: failed to resolve: use of undeclared type `Vst3SubCategory`
   --> src\lib.rs:326:9
    |
326 |         Vst3SubCategory::Fx,
    |         ^^^^^^^^^^^^^^^ use of undeclared type `Vst3SubCategory`
    |
help: consider importing this enum
    |
  1 + use nih_plug::wrapper::vst3::subcategories::Vst3SubCategory;
    |

error[E0433]: failed to resolve: use of undeclared type `Vst3SubCategory`
   --> src\lib.rs:327:9
    |
327 |         Vst3SubCategory::Filter,
    |         ^^^^^^^^^^^^^^^ use of undeclared type `Vst3SubCategory`
    |
help: consider importing this enum
    |
  1 + use nih_plug::wrapper::vst3::subcategories::Vst3SubCategory;
    |

warning: unused import: `nih_plug_egui::EguiState`
 --> src\lib.rs:1:5
  |
1 | use nih_plug_egui::EguiState;
  |     ^^^^^^^^^^^^^^^^^^^^^^^^
  |
  = note: `#[warn(unused_imports)]` (part of `#[warn(unused)]`) on by default

warning: unused import: `Shape`
 --> src\editor.rs:4:97
  |
4 | use nih_plug_egui::egui::{self, Color32, RichText, Rect, Pos2, Stroke, CornerRadius, UiBuilder, Shape};
  |                                                                                                 ^^^^^

Some errors have detailed explanations: E0405, E0412, E0422, E0433.
For more information about an error, try `rustc --explain E0405`.
warning: `dtcwpt_morph` (lib) generated 2 warnings
error: could not compile `dtcwpt_morph` (lib) due to 49 previous errors; 2 warnings emitted
